<?xml version="1.0" encoding="UTF-8"?>
<coverage generated="1770773097153" clover="3.2.0">
  <project timestamp="1770773097153" name="All files">
    <metrics statements="16" coveredstatements="16" conditionals="11" coveredconditionals="11" methods="4" coveredmethods="4" elements="31" coveredelements="31" complexity="0" loc="16" ncloc="16" packages="1" files="1" classes="1"/>
    <file name="função.js" path="C:\Users\Usuário\Desktop\função.js">
      <metrics statements="16" coveredstatements="16" conditionals="11" coveredconditionals="11" methods="4" coveredmethods="4"/>
      <line num="2" count="12" type="cond" truecount="2" falsecount="0"/>
      <line num="3" count="12" type="cond" truecount="2" falsecount="0"/>
      <line num="4" count="10" type="stmt"/>
      <line num="5" count="10" type="stmt"/>
      <line num="6" count="50" type="stmt"/>
      <line num="8" count="10" type="stmt"/>
      <line num="13" count="6" type="cond" truecount="5" falsecount="0"/>
      <line num="14" count="6" type="stmt"/>
      <line num="18" count="3" type="stmt"/>
      <line num="19" count="3" type="cond" truecount="2" falsecount="0"/>
      <line num="20" count="3" type="stmt"/>
      <line num="24" count="2" type="stmt"/>
      <line num="32" count="2" type="stmt"/>
      <line num="33" count="2" type="stmt"/>
      <line num="34" count="2" type="stmt"/>
      <line num="35" count="2" type="stmt"/>
    </file>
  </project>
</coverage>
